Determining if the pthread_create exist failed with the following output:
Change Dir: /home/odroid/ros_catkin_ws/build_isolated/actionlib_msgs/CMakeFiles/CMakeTmp

Run Build Command:"/usr/bin/make" "cmTryCompileExec3697128529/fast"
/usr/bin/make -f CMakeFiles/cmTryCompileExec3697128529.dir/build.make CMakeFiles/cmTryCompileExec3697128529.dir/build
make[1]: Entering directory '/home/odroid/ros_catkin_ws/build_isolated/actionlib_msgs/CMakeFiles/CMakeTmp'
/usr/bin/cmake -E cmake_progress_report /home/odroid/ros_catkin_ws/build_isolated/actionlib_msgs/CMakeFiles/CMakeTmp/CMakeFiles 1
Building C object CMakeFiles/cmTryCompileExec3697128529.dir/CheckSymbolExists.c.o
/usr/bin/cc    -o CMakeFiles/cmTryCompileExec3697128529.dir/CheckSymbolExists.c.o   -c /home/odroid/ros_catkin_ws/build_isolated/actionlib_msgs/CMakeFiles/CMakeTmp/CheckSymbolExists.c
Linking C executable cmTryCompileExec3697128529
/usr/bin/cmake -E cmake_link_script CMakeFiles/cmTryCompileExec3697128529.dir/link.txt --verbose=1
/usr/bin/cc       CMakeFiles/cmTryCompileExec3697128529.dir/CheckSymbolExists.c.o  -o cmTryCompileExec3697128529 -rdynamic 
CMakeFiles/cmTryCompileExec3697128529.dir/CheckSymbolExists.c.o: In function `main':
CheckSymbolExists.c:(.text+0xe): undefined reference to `pthread_create'
CheckSymbolExists.c:(.text+0x12): undefined reference to `pthread_create'
collect2: error: ld returned 1 exit status
CMakeFiles/cmTryCompileExec3697128529.dir/build.make:88: recipe for target 'cmTryCompileExec3697128529' failed
make[1]: *** [cmTryCompileExec3697128529] Error 1
make[1]: Leaving directory '/home/odroid/ros_catkin_ws/build_isolated/actionlib_msgs/CMakeFiles/CMakeTmp'
Makefile:118: recipe for target 'cmTryCompileExec3697128529/fast' failed
make: *** [cmTryCompileExec3697128529/fast] Error 2

File /home/odroid/ros_catkin_ws/build_isolated/actionlib_msgs/CMakeFiles/CMakeTmp/CheckSymbolExists.c:
/* */
#include <pthread.h>

int main(int argc, char** argv)
{
  (void)argv;
#ifndef pthread_create
  return ((int*)(&pthread_create))[argc];
#else
  (void)argc;
  return 0;
#endif
}

Determining if the function pthread_create exists in the pthreads failed with the following output:
Change Dir: /home/odroid/ros_catkin_ws/build_isolated/actionlib_msgs/CMakeFiles/CMakeTmp

Run Build Command:"/usr/bin/make" "cmTryCompileExec944209559/fast"
/usr/bin/make -f CMakeFiles/cmTryCompileExec944209559.dir/build.make CMakeFiles/cmTryCompileExec944209559.dir/build
make[1]: Entering directory '/home/odroid/ros_catkin_ws/build_isolated/actionlib_msgs/CMakeFiles/CMakeTmp'
/usr/bin/cmake -E cmake_progress_report /home/odroid/ros_catkin_ws/build_isolated/actionlib_msgs/CMakeFiles/CMakeTmp/CMakeFiles 1
Building C object CMakeFiles/cmTryCompileExec944209559.dir/CheckFunctionExists.c.o
/usr/bin/cc   -DCHECK_FUNCTION_EXISTS=pthread_create   -o CMakeFiles/cmTryCompileExec944209559.dir/CheckFunctionExists.c.o   -c /usr/share/cmake-3.0/Modules/CheckFunctionExists.c
Linking C executable cmTryCompileExec944209559
/usr/bin/cmake -E cmake_link_script CMakeFiles/cmTryCompileExec944209559.dir/link.txt --verbose=1
/usr/bin/cc   -DCHECK_FUNCTION_EXISTS=pthread_create    CMakeFiles/cmTryCompileExec944209559.dir/CheckFunctionExists.c.o  -o cmTryCompileExec944209559 -rdynamic -lpthreads 
/usr/bin/ld: cannot find -lpthreads
collect2: error: ld returned 1 exit status
CMakeFiles/cmTryCompileExec944209559.dir/build.make:88: recipe for target 'cmTryCompileExec944209559' failed
make[1]: *** [cmTryCompileExec944209559] Error 1
make[1]: Leaving directory '/home/odroid/ros_catkin_ws/build_isolated/actionlib_msgs/CMakeFiles/CMakeTmp'
Makefile:118: recipe for target 'cmTryCompileExec944209559/fast' failed
make: *** [cmTryCompileExec944209559/fast] Error 2


