Determining if the pthread_create exist failed with the following output:
Change Dir: /home/odroid/ros_catkin_ws/build_isolated/message_generation/CMakeFiles/CMakeTmp

Run Build Command:"/usr/bin/make" "cmTryCompileExec1415008242/fast"
/usr/bin/make -f CMakeFiles/cmTryCompileExec1415008242.dir/build.make CMakeFiles/cmTryCompileExec1415008242.dir/build
make[1]: Entering directory '/home/odroid/ros_catkin_ws/build_isolated/message_generation/CMakeFiles/CMakeTmp'
/usr/bin/cmake -E cmake_progress_report /home/odroid/ros_catkin_ws/build_isolated/message_generation/CMakeFiles/CMakeTmp/CMakeFiles 1
Building C object CMakeFiles/cmTryCompileExec1415008242.dir/CheckSymbolExists.c.o
/usr/bin/cc    -o CMakeFiles/cmTryCompileExec1415008242.dir/CheckSymbolExists.c.o   -c /home/odroid/ros_catkin_ws/build_isolated/message_generation/CMakeFiles/CMakeTmp/CheckSymbolExists.c
Linking C executable cmTryCompileExec1415008242
/usr/bin/cmake -E cmake_link_script CMakeFiles/cmTryCompileExec1415008242.dir/link.txt --verbose=1
/usr/bin/cc       CMakeFiles/cmTryCompileExec1415008242.dir/CheckSymbolExists.c.o  -o cmTryCompileExec1415008242 -rdynamic 
CMakeFiles/cmTryCompileExec1415008242.dir/CheckSymbolExists.c.o: In function `main':
CheckSymbolExists.c:(.text+0xe): undefined reference to `pthread_create'
CheckSymbolExists.c:(.text+0x12): undefined reference to `pthread_create'
collect2: error: ld returned 1 exit status
CMakeFiles/cmTryCompileExec1415008242.dir/build.make:88: recipe for target 'cmTryCompileExec1415008242' failed
make[1]: *** [cmTryCompileExec1415008242] Error 1
make[1]: Leaving directory '/home/odroid/ros_catkin_ws/build_isolated/message_generation/CMakeFiles/CMakeTmp'
Makefile:118: recipe for target 'cmTryCompileExec1415008242/fast' failed
make: *** [cmTryCompileExec1415008242/fast] Error 2

File /home/odroid/ros_catkin_ws/build_isolated/message_generation/CMakeFiles/CMakeTmp/CheckSymbolExists.c:
/* */
#include <pthread.h>

int main(int argc, char** argv)
{
  (void)argv;
#ifndef pthread_create
  return ((int*)(&pthread_create))[argc];
#else
  (void)argc;
  return 0;
#endif
}

Determining if the function pthread_create exists in the pthreads failed with the following output:
Change Dir: /home/odroid/ros_catkin_ws/build_isolated/message_generation/CMakeFiles/CMakeTmp

Run Build Command:"/usr/bin/make" "cmTryCompileExec2723209883/fast"
/usr/bin/make -f CMakeFiles/cmTryCompileExec2723209883.dir/build.make CMakeFiles/cmTryCompileExec2723209883.dir/build
make[1]: Entering directory '/home/odroid/ros_catkin_ws/build_isolated/message_generation/CMakeFiles/CMakeTmp'
/usr/bin/cmake -E cmake_progress_report /home/odroid/ros_catkin_ws/build_isolated/message_generation/CMakeFiles/CMakeTmp/CMakeFiles 1
Building C object CMakeFiles/cmTryCompileExec2723209883.dir/CheckFunctionExists.c.o
/usr/bin/cc   -DCHECK_FUNCTION_EXISTS=pthread_create   -o CMakeFiles/cmTryCompileExec2723209883.dir/CheckFunctionExists.c.o   -c /usr/share/cmake-3.0/Modules/CheckFunctionExists.c
Linking C executable cmTryCompileExec2723209883
/usr/bin/cmake -E cmake_link_script CMakeFiles/cmTryCompileExec2723209883.dir/link.txt --verbose=1
/usr/bin/cc   -DCHECK_FUNCTION_EXISTS=pthread_create    CMakeFiles/cmTryCompileExec2723209883.dir/CheckFunctionExists.c.o  -o cmTryCompileExec2723209883 -rdynamic -lpthreads 
/usr/bin/ld: cannot find -lpthreads
collect2: error: ld returned 1 exit status
CMakeFiles/cmTryCompileExec2723209883.dir/build.make:88: recipe for target 'cmTryCompileExec2723209883' failed
make[1]: *** [cmTryCompileExec2723209883] Error 1
make[1]: Leaving directory '/home/odroid/ros_catkin_ws/build_isolated/message_generation/CMakeFiles/CMakeTmp'
Makefile:118: recipe for target 'cmTryCompileExec2723209883/fast' failed
make: *** [cmTryCompileExec2723209883/fast] Error 2


