Determining if the pthread_create exist failed with the following output:
Change Dir: /home/odroid/ros_catkin_ws/build_isolated/topic_tools/CMakeFiles/CMakeTmp

Run Build Command:"/usr/bin/make" "cmTryCompileExec2361033376/fast"
/usr/bin/make -f CMakeFiles/cmTryCompileExec2361033376.dir/build.make CMakeFiles/cmTryCompileExec2361033376.dir/build
make[1]: Entering directory '/home/odroid/ros_catkin_ws/build_isolated/topic_tools/CMakeFiles/CMakeTmp'
/usr/bin/cmake -E cmake_progress_report /home/odroid/ros_catkin_ws/build_isolated/topic_tools/CMakeFiles/CMakeTmp/CMakeFiles 1
Building C object CMakeFiles/cmTryCompileExec2361033376.dir/CheckSymbolExists.c.o
/usr/bin/cc    -o CMakeFiles/cmTryCompileExec2361033376.dir/CheckSymbolExists.c.o   -c /home/odroid/ros_catkin_ws/build_isolated/topic_tools/CMakeFiles/CMakeTmp/CheckSymbolExists.c
Linking C executable cmTryCompileExec2361033376
/usr/bin/cmake -E cmake_link_script CMakeFiles/cmTryCompileExec2361033376.dir/link.txt --verbose=1
/usr/bin/cc       CMakeFiles/cmTryCompileExec2361033376.dir/CheckSymbolExists.c.o  -o cmTryCompileExec2361033376 -rdynamic 
CMakeFiles/cmTryCompileExec2361033376.dir/CheckSymbolExists.c.o: In function `main':
CheckSymbolExists.c:(.text+0xe): undefined reference to `pthread_create'
CheckSymbolExists.c:(.text+0x12): undefined reference to `pthread_create'
collect2: error: ld returned 1 exit status
CMakeFiles/cmTryCompileExec2361033376.dir/build.make:88: recipe for target 'cmTryCompileExec2361033376' failed
make[1]: *** [cmTryCompileExec2361033376] Error 1
make[1]: Leaving directory '/home/odroid/ros_catkin_ws/build_isolated/topic_tools/CMakeFiles/CMakeTmp'
Makefile:118: recipe for target 'cmTryCompileExec2361033376/fast' failed
make: *** [cmTryCompileExec2361033376/fast] Error 2

File /home/odroid/ros_catkin_ws/build_isolated/topic_tools/CMakeFiles/CMakeTmp/CheckSymbolExists.c:
/* */
#include <pthread.h>

int main(int argc, char** argv)
{
  (void)argv;
#ifndef pthread_create
  return ((int*)(&pthread_create))[argc];
#else
  (void)argc;
  return 0;
#endif
}

Determining if the function pthread_create exists in the pthreads failed with the following output:
Change Dir: /home/odroid/ros_catkin_ws/build_isolated/topic_tools/CMakeFiles/CMakeTmp

Run Build Command:"/usr/bin/make" "cmTryCompileExec2676934229/fast"
/usr/bin/make -f CMakeFiles/cmTryCompileExec2676934229.dir/build.make CMakeFiles/cmTryCompileExec2676934229.dir/build
make[1]: Entering directory '/home/odroid/ros_catkin_ws/build_isolated/topic_tools/CMakeFiles/CMakeTmp'
/usr/bin/cmake -E cmake_progress_report /home/odroid/ros_catkin_ws/build_isolated/topic_tools/CMakeFiles/CMakeTmp/CMakeFiles 1
Building C object CMakeFiles/cmTryCompileExec2676934229.dir/CheckFunctionExists.c.o
/usr/bin/cc   -DCHECK_FUNCTION_EXISTS=pthread_create   -o CMakeFiles/cmTryCompileExec2676934229.dir/CheckFunctionExists.c.o   -c /usr/share/cmake-3.0/Modules/CheckFunctionExists.c
Linking C executable cmTryCompileExec2676934229
/usr/bin/cmake -E cmake_link_script CMakeFiles/cmTryCompileExec2676934229.dir/link.txt --verbose=1
/usr/bin/cc   -DCHECK_FUNCTION_EXISTS=pthread_create    CMakeFiles/cmTryCompileExec2676934229.dir/CheckFunctionExists.c.o  -o cmTryCompileExec2676934229 -rdynamic -lpthreads 
/usr/bin/ld: cannot find -lpthreads
collect2: error: ld returned 1 exit status
CMakeFiles/cmTryCompileExec2676934229.dir/build.make:88: recipe for target 'cmTryCompileExec2676934229' failed
make[1]: *** [cmTryCompileExec2676934229] Error 1
make[1]: Leaving directory '/home/odroid/ros_catkin_ws/build_isolated/topic_tools/CMakeFiles/CMakeTmp'
Makefile:118: recipe for target 'cmTryCompileExec2676934229/fast' failed
make: *** [cmTryCompileExec2676934229/fast] Error 2


