Determining if the pthread_create exist failed with the following output:
Change Dir: /home/odroid/ros_catkin_ws/build_isolated/roslib/CMakeFiles/CMakeTmp

Run Build Command:"/usr/bin/make" "cmTryCompileExec85171902/fast"
/usr/bin/make -f CMakeFiles/cmTryCompileExec85171902.dir/build.make CMakeFiles/cmTryCompileExec85171902.dir/build
make[1]: Entering directory '/home/odroid/ros_catkin_ws/build_isolated/roslib/CMakeFiles/CMakeTmp'
/usr/bin/cmake -E cmake_progress_report /home/odroid/ros_catkin_ws/build_isolated/roslib/CMakeFiles/CMakeTmp/CMakeFiles 1
Building C object CMakeFiles/cmTryCompileExec85171902.dir/CheckSymbolExists.c.o
/usr/bin/cc    -o CMakeFiles/cmTryCompileExec85171902.dir/CheckSymbolExists.c.o   -c /home/odroid/ros_catkin_ws/build_isolated/roslib/CMakeFiles/CMakeTmp/CheckSymbolExists.c
Linking C executable cmTryCompileExec85171902
/usr/bin/cmake -E cmake_link_script CMakeFiles/cmTryCompileExec85171902.dir/link.txt --verbose=1
/usr/bin/cc       CMakeFiles/cmTryCompileExec85171902.dir/CheckSymbolExists.c.o  -o cmTryCompileExec85171902 -rdynamic 
CMakeFiles/cmTryCompileExec85171902.dir/CheckSymbolExists.c.o: In function `main':
CheckSymbolExists.c:(.text+0xe): undefined reference to `pthread_create'
CheckSymbolExists.c:(.text+0x12): undefined reference to `pthread_create'
collect2: error: ld returned 1 exit status
CMakeFiles/cmTryCompileExec85171902.dir/build.make:88: recipe for target 'cmTryCompileExec85171902' failed
make[1]: *** [cmTryCompileExec85171902] Error 1
make[1]: Leaving directory '/home/odroid/ros_catkin_ws/build_isolated/roslib/CMakeFiles/CMakeTmp'
Makefile:118: recipe for target 'cmTryCompileExec85171902/fast' failed
make: *** [cmTryCompileExec85171902/fast] Error 2

File /home/odroid/ros_catkin_ws/build_isolated/roslib/CMakeFiles/CMakeTmp/CheckSymbolExists.c:
/* */
#include <pthread.h>

int main(int argc, char** argv)
{
  (void)argv;
#ifndef pthread_create
  return ((int*)(&pthread_create))[argc];
#else
  (void)argc;
  return 0;
#endif
}

Determining if the function pthread_create exists in the pthreads failed with the following output:
Change Dir: /home/odroid/ros_catkin_ws/build_isolated/roslib/CMakeFiles/CMakeTmp

Run Build Command:"/usr/bin/make" "cmTryCompileExec350544296/fast"
/usr/bin/make -f CMakeFiles/cmTryCompileExec350544296.dir/build.make CMakeFiles/cmTryCompileExec350544296.dir/build
make[1]: Entering directory '/home/odroid/ros_catkin_ws/build_isolated/roslib/CMakeFiles/CMakeTmp'
/usr/bin/cmake -E cmake_progress_report /home/odroid/ros_catkin_ws/build_isolated/roslib/CMakeFiles/CMakeTmp/CMakeFiles 1
Building C object CMakeFiles/cmTryCompileExec350544296.dir/CheckFunctionExists.c.o
/usr/bin/cc   -DCHECK_FUNCTION_EXISTS=pthread_create   -o CMakeFiles/cmTryCompileExec350544296.dir/CheckFunctionExists.c.o   -c /usr/share/cmake-3.0/Modules/CheckFunctionExists.c
Linking C executable cmTryCompileExec350544296
/usr/bin/cmake -E cmake_link_script CMakeFiles/cmTryCompileExec350544296.dir/link.txt --verbose=1
/usr/bin/cc   -DCHECK_FUNCTION_EXISTS=pthread_create    CMakeFiles/cmTryCompileExec350544296.dir/CheckFunctionExists.c.o  -o cmTryCompileExec350544296 -rdynamic -lpthreads 
/usr/bin/ld: cannot find -lpthreads
collect2: error: ld returned 1 exit status
CMakeFiles/cmTryCompileExec350544296.dir/build.make:88: recipe for target 'cmTryCompileExec350544296' failed
make[1]: *** [cmTryCompileExec350544296] Error 1
make[1]: Leaving directory '/home/odroid/ros_catkin_ws/build_isolated/roslib/CMakeFiles/CMakeTmp'
Makefile:118: recipe for target 'cmTryCompileExec350544296/fast' failed
make: *** [cmTryCompileExec350544296/fast] Error 2


