Determining if the pthread_create exist failed with the following output:
Change Dir: /home/odroid/ros_catkin_ws/build_isolated/rospack/CMakeFiles/CMakeTmp

Run Build Command:"/usr/bin/make" "cmTryCompileExec360800423/fast"
/usr/bin/make -f CMakeFiles/cmTryCompileExec360800423.dir/build.make CMakeFiles/cmTryCompileExec360800423.dir/build
make[1]: Entering directory '/home/odroid/ros_catkin_ws/build_isolated/rospack/CMakeFiles/CMakeTmp'
/usr/bin/cmake -E cmake_progress_report /home/odroid/ros_catkin_ws/build_isolated/rospack/CMakeFiles/CMakeTmp/CMakeFiles 1
Building C object CMakeFiles/cmTryCompileExec360800423.dir/CheckSymbolExists.c.o
/usr/bin/cc    -o CMakeFiles/cmTryCompileExec360800423.dir/CheckSymbolExists.c.o   -c /home/odroid/ros_catkin_ws/build_isolated/rospack/CMakeFiles/CMakeTmp/CheckSymbolExists.c
Linking C executable cmTryCompileExec360800423
/usr/bin/cmake -E cmake_link_script CMakeFiles/cmTryCompileExec360800423.dir/link.txt --verbose=1
/usr/bin/cc       CMakeFiles/cmTryCompileExec360800423.dir/CheckSymbolExists.c.o  -o cmTryCompileExec360800423 -rdynamic 
CMakeFiles/cmTryCompileExec360800423.dir/CheckSymbolExists.c.o: In function `main':
CheckSymbolExists.c:(.text+0xe): undefined reference to `pthread_create'
CheckSymbolExists.c:(.text+0x12): undefined reference to `pthread_create'
collect2: error: ld returned 1 exit status
CMakeFiles/cmTryCompileExec360800423.dir/build.make:88: recipe for target 'cmTryCompileExec360800423' failed
make[1]: *** [cmTryCompileExec360800423] Error 1
make[1]: Leaving directory '/home/odroid/ros_catkin_ws/build_isolated/rospack/CMakeFiles/CMakeTmp'
Makefile:118: recipe for target 'cmTryCompileExec360800423/fast' failed
make: *** [cmTryCompileExec360800423/fast] Error 2

File /home/odroid/ros_catkin_ws/build_isolated/rospack/CMakeFiles/CMakeTmp/CheckSymbolExists.c:
/* */
#include <pthread.h>

int main(int argc, char** argv)
{
  (void)argv;
#ifndef pthread_create
  return ((int*)(&pthread_create))[argc];
#else
  (void)argc;
  return 0;
#endif
}

Determining if the function pthread_create exists in the pthreads failed with the following output:
Change Dir: /home/odroid/ros_catkin_ws/build_isolated/rospack/CMakeFiles/CMakeTmp

Run Build Command:"/usr/bin/make" "cmTryCompileExec2072950419/fast"
/usr/bin/make -f CMakeFiles/cmTryCompileExec2072950419.dir/build.make CMakeFiles/cmTryCompileExec2072950419.dir/build
make[1]: Entering directory '/home/odroid/ros_catkin_ws/build_isolated/rospack/CMakeFiles/CMakeTmp'
/usr/bin/cmake -E cmake_progress_report /home/odroid/ros_catkin_ws/build_isolated/rospack/CMakeFiles/CMakeTmp/CMakeFiles 1
Building C object CMakeFiles/cmTryCompileExec2072950419.dir/CheckFunctionExists.c.o
/usr/bin/cc   -DCHECK_FUNCTION_EXISTS=pthread_create   -o CMakeFiles/cmTryCompileExec2072950419.dir/CheckFunctionExists.c.o   -c /usr/share/cmake-3.0/Modules/CheckFunctionExists.c
Linking C executable cmTryCompileExec2072950419
/usr/bin/cmake -E cmake_link_script CMakeFiles/cmTryCompileExec2072950419.dir/link.txt --verbose=1
/usr/bin/cc   -DCHECK_FUNCTION_EXISTS=pthread_create    CMakeFiles/cmTryCompileExec2072950419.dir/CheckFunctionExists.c.o  -o cmTryCompileExec2072950419 -rdynamic -lpthreads 
/usr/bin/ld: cannot find -lpthreads
collect2: error: ld returned 1 exit status
CMakeFiles/cmTryCompileExec2072950419.dir/build.make:88: recipe for target 'cmTryCompileExec2072950419' failed
make[1]: *** [cmTryCompileExec2072950419] Error 1
make[1]: Leaving directory '/home/odroid/ros_catkin_ws/build_isolated/rospack/CMakeFiles/CMakeTmp'
Makefile:118: recipe for target 'cmTryCompileExec2072950419/fast' failed
make: *** [cmTryCompileExec2072950419/fast] Error 2


