Determining if the pthread_create exist failed with the following output:
Change Dir: /home/odroid/ros_catkin_ws/build_isolated/rosserial_windows/CMakeFiles/CMakeTmp

Run Build Command:"/usr/bin/make" "cmTryCompileExec177939960/fast"
/usr/bin/make -f CMakeFiles/cmTryCompileExec177939960.dir/build.make CMakeFiles/cmTryCompileExec177939960.dir/build
make[1]: Entering directory '/home/odroid/ros_catkin_ws/build_isolated/rosserial_windows/CMakeFiles/CMakeTmp'
/usr/bin/cmake -E cmake_progress_report /home/odroid/ros_catkin_ws/build_isolated/rosserial_windows/CMakeFiles/CMakeTmp/CMakeFiles 1
Building C object CMakeFiles/cmTryCompileExec177939960.dir/CheckSymbolExists.c.o
/usr/bin/cc    -o CMakeFiles/cmTryCompileExec177939960.dir/CheckSymbolExists.c.o   -c /home/odroid/ros_catkin_ws/build_isolated/rosserial_windows/CMakeFiles/CMakeTmp/CheckSymbolExists.c
Linking C executable cmTryCompileExec177939960
/usr/bin/cmake -E cmake_link_script CMakeFiles/cmTryCompileExec177939960.dir/link.txt --verbose=1
/usr/bin/cc       CMakeFiles/cmTryCompileExec177939960.dir/CheckSymbolExists.c.o  -o cmTryCompileExec177939960 -rdynamic 
CMakeFiles/cmTryCompileExec177939960.dir/CheckSymbolExists.c.o: In function `main':
CheckSymbolExists.c:(.text+0xe): undefined reference to `pthread_create'
CheckSymbolExists.c:(.text+0x12): undefined reference to `pthread_create'
collect2: error: ld returned 1 exit status
CMakeFiles/cmTryCompileExec177939960.dir/build.make:88: recipe for target 'cmTryCompileExec177939960' failed
make[1]: *** [cmTryCompileExec177939960] Error 1
make[1]: Leaving directory '/home/odroid/ros_catkin_ws/build_isolated/rosserial_windows/CMakeFiles/CMakeTmp'
Makefile:118: recipe for target 'cmTryCompileExec177939960/fast' failed
make: *** [cmTryCompileExec177939960/fast] Error 2

File /home/odroid/ros_catkin_ws/build_isolated/rosserial_windows/CMakeFiles/CMakeTmp/CheckSymbolExists.c:
/* */
#include <pthread.h>

int main(int argc, char** argv)
{
  (void)argv;
#ifndef pthread_create
  return ((int*)(&pthread_create))[argc];
#else
  (void)argc;
  return 0;
#endif
}

Determining if the function pthread_create exists in the pthreads failed with the following output:
Change Dir: /home/odroid/ros_catkin_ws/build_isolated/rosserial_windows/CMakeFiles/CMakeTmp

Run Build Command:"/usr/bin/make" "cmTryCompileExec138083859/fast"
/usr/bin/make -f CMakeFiles/cmTryCompileExec138083859.dir/build.make CMakeFiles/cmTryCompileExec138083859.dir/build
make[1]: Entering directory '/home/odroid/ros_catkin_ws/build_isolated/rosserial_windows/CMakeFiles/CMakeTmp'
/usr/bin/cmake -E cmake_progress_report /home/odroid/ros_catkin_ws/build_isolated/rosserial_windows/CMakeFiles/CMakeTmp/CMakeFiles 1
Building C object CMakeFiles/cmTryCompileExec138083859.dir/CheckFunctionExists.c.o
/usr/bin/cc   -DCHECK_FUNCTION_EXISTS=pthread_create   -o CMakeFiles/cmTryCompileExec138083859.dir/CheckFunctionExists.c.o   -c /usr/share/cmake-3.0/Modules/CheckFunctionExists.c
Linking C executable cmTryCompileExec138083859
/usr/bin/cmake -E cmake_link_script CMakeFiles/cmTryCompileExec138083859.dir/link.txt --verbose=1
/usr/bin/cc   -DCHECK_FUNCTION_EXISTS=pthread_create    CMakeFiles/cmTryCompileExec138083859.dir/CheckFunctionExists.c.o  -o cmTryCompileExec138083859 -rdynamic -lpthreads 
/usr/bin/ld: cannot find -lpthreads
collect2: error: ld returned 1 exit status
CMakeFiles/cmTryCompileExec138083859.dir/build.make:88: recipe for target 'cmTryCompileExec138083859' failed
make[1]: *** [cmTryCompileExec138083859] Error 1
make[1]: Leaving directory '/home/odroid/ros_catkin_ws/build_isolated/rosserial_windows/CMakeFiles/CMakeTmp'
Makefile:118: recipe for target 'cmTryCompileExec138083859/fast' failed
make: *** [cmTryCompileExec138083859/fast] Error 2


