Determining if the pthread_create exist failed with the following output:
Change Dir: /home/odroid/ros_catkin_ws/build_isolated/roscpp_serialization/CMakeFiles/CMakeTmp

Run Build Command:"/usr/bin/make" "cmTryCompileExec3250698127/fast"
/usr/bin/make -f CMakeFiles/cmTryCompileExec3250698127.dir/build.make CMakeFiles/cmTryCompileExec3250698127.dir/build
make[1]: Entering directory '/home/odroid/ros_catkin_ws/build_isolated/roscpp_serialization/CMakeFiles/CMakeTmp'
/usr/bin/cmake -E cmake_progress_report /home/odroid/ros_catkin_ws/build_isolated/roscpp_serialization/CMakeFiles/CMakeTmp/CMakeFiles 1
Building C object CMakeFiles/cmTryCompileExec3250698127.dir/CheckSymbolExists.c.o
/usr/bin/cc    -o CMakeFiles/cmTryCompileExec3250698127.dir/CheckSymbolExists.c.o   -c /home/odroid/ros_catkin_ws/build_isolated/roscpp_serialization/CMakeFiles/CMakeTmp/CheckSymbolExists.c
Linking C executable cmTryCompileExec3250698127
/usr/bin/cmake -E cmake_link_script CMakeFiles/cmTryCompileExec3250698127.dir/link.txt --verbose=1
/usr/bin/cc       CMakeFiles/cmTryCompileExec3250698127.dir/CheckSymbolExists.c.o  -o cmTryCompileExec3250698127 -rdynamic 
CMakeFiles/cmTryCompileExec3250698127.dir/CheckSymbolExists.c.o: In function `main':
CheckSymbolExists.c:(.text+0xe): undefined reference to `pthread_create'
CheckSymbolExists.c:(.text+0x12): undefined reference to `pthread_create'
collect2: error: ld returned 1 exit status
CMakeFiles/cmTryCompileExec3250698127.dir/build.make:88: recipe for target 'cmTryCompileExec3250698127' failed
make[1]: *** [cmTryCompileExec3250698127] Error 1
make[1]: Leaving directory '/home/odroid/ros_catkin_ws/build_isolated/roscpp_serialization/CMakeFiles/CMakeTmp'
Makefile:118: recipe for target 'cmTryCompileExec3250698127/fast' failed
make: *** [cmTryCompileExec3250698127/fast] Error 2

File /home/odroid/ros_catkin_ws/build_isolated/roscpp_serialization/CMakeFiles/CMakeTmp/CheckSymbolExists.c:
/* */
#include <pthread.h>

int main(int argc, char** argv)
{
  (void)argv;
#ifndef pthread_create
  return ((int*)(&pthread_create))[argc];
#else
  (void)argc;
  return 0;
#endif
}

Determining if the function pthread_create exists in the pthreads failed with the following output:
Change Dir: /home/odroid/ros_catkin_ws/build_isolated/roscpp_serialization/CMakeFiles/CMakeTmp

Run Build Command:"/usr/bin/make" "cmTryCompileExec2034217813/fast"
/usr/bin/make -f CMakeFiles/cmTryCompileExec2034217813.dir/build.make CMakeFiles/cmTryCompileExec2034217813.dir/build
make[1]: Entering directory '/home/odroid/ros_catkin_ws/build_isolated/roscpp_serialization/CMakeFiles/CMakeTmp'
/usr/bin/cmake -E cmake_progress_report /home/odroid/ros_catkin_ws/build_isolated/roscpp_serialization/CMakeFiles/CMakeTmp/CMakeFiles 1
Building C object CMakeFiles/cmTryCompileExec2034217813.dir/CheckFunctionExists.c.o
/usr/bin/cc   -DCHECK_FUNCTION_EXISTS=pthread_create   -o CMakeFiles/cmTryCompileExec2034217813.dir/CheckFunctionExists.c.o   -c /usr/share/cmake-3.0/Modules/CheckFunctionExists.c
Linking C executable cmTryCompileExec2034217813
/usr/bin/cmake -E cmake_link_script CMakeFiles/cmTryCompileExec2034217813.dir/link.txt --verbose=1
/usr/bin/cc   -DCHECK_FUNCTION_EXISTS=pthread_create    CMakeFiles/cmTryCompileExec2034217813.dir/CheckFunctionExists.c.o  -o cmTryCompileExec2034217813 -rdynamic -lpthreads 
/usr/bin/ld: cannot find -lpthreads
collect2: error: ld returned 1 exit status
CMakeFiles/cmTryCompileExec2034217813.dir/build.make:88: recipe for target 'cmTryCompileExec2034217813' failed
make[1]: *** [cmTryCompileExec2034217813] Error 1
make[1]: Leaving directory '/home/odroid/ros_catkin_ws/build_isolated/roscpp_serialization/CMakeFiles/CMakeTmp'
Makefile:118: recipe for target 'cmTryCompileExec2034217813/fast' failed
make: *** [cmTryCompileExec2034217813/fast] Error 2


