Determining if the pthread_create exist failed with the following output:
Change Dir: /home/odroid/ros_catkin_ws/build_isolated/std_msgs/CMakeFiles/CMakeTmp

Run Build Command:"/usr/bin/make" "cmTryCompileExec9246385/fast"
/usr/bin/make -f CMakeFiles/cmTryCompileExec9246385.dir/build.make CMakeFiles/cmTryCompileExec9246385.dir/build
make[1]: Entering directory '/home/odroid/ros_catkin_ws/build_isolated/std_msgs/CMakeFiles/CMakeTmp'
/usr/bin/cmake -E cmake_progress_report /home/odroid/ros_catkin_ws/build_isolated/std_msgs/CMakeFiles/CMakeTmp/CMakeFiles 1
Building C object CMakeFiles/cmTryCompileExec9246385.dir/CheckSymbolExists.c.o
/usr/bin/cc    -o CMakeFiles/cmTryCompileExec9246385.dir/CheckSymbolExists.c.o   -c /home/odroid/ros_catkin_ws/build_isolated/std_msgs/CMakeFiles/CMakeTmp/CheckSymbolExists.c
Linking C executable cmTryCompileExec9246385
/usr/bin/cmake -E cmake_link_script CMakeFiles/cmTryCompileExec9246385.dir/link.txt --verbose=1
/usr/bin/cc       CMakeFiles/cmTryCompileExec9246385.dir/CheckSymbolExists.c.o  -o cmTryCompileExec9246385 -rdynamic 
CMakeFiles/cmTryCompileExec9246385.dir/CheckSymbolExists.c.o: In function `main':
CheckSymbolExists.c:(.text+0xe): undefined reference to `pthread_create'
CheckSymbolExists.c:(.text+0x12): undefined reference to `pthread_create'
collect2: error: ld returned 1 exit status
CMakeFiles/cmTryCompileExec9246385.dir/build.make:88: recipe for target 'cmTryCompileExec9246385' failed
make[1]: *** [cmTryCompileExec9246385] Error 1
make[1]: Leaving directory '/home/odroid/ros_catkin_ws/build_isolated/std_msgs/CMakeFiles/CMakeTmp'
Makefile:118: recipe for target 'cmTryCompileExec9246385/fast' failed
make: *** [cmTryCompileExec9246385/fast] Error 2

File /home/odroid/ros_catkin_ws/build_isolated/std_msgs/CMakeFiles/CMakeTmp/CheckSymbolExists.c:
/* */
#include <pthread.h>

int main(int argc, char** argv)
{
  (void)argv;
#ifndef pthread_create
  return ((int*)(&pthread_create))[argc];
#else
  (void)argc;
  return 0;
#endif
}

Determining if the function pthread_create exists in the pthreads failed with the following output:
Change Dir: /home/odroid/ros_catkin_ws/build_isolated/std_msgs/CMakeFiles/CMakeTmp

Run Build Command:"/usr/bin/make" "cmTryCompileExec3148251585/fast"
/usr/bin/make -f CMakeFiles/cmTryCompileExec3148251585.dir/build.make CMakeFiles/cmTryCompileExec3148251585.dir/build
make[1]: Entering directory '/home/odroid/ros_catkin_ws/build_isolated/std_msgs/CMakeFiles/CMakeTmp'
/usr/bin/cmake -E cmake_progress_report /home/odroid/ros_catkin_ws/build_isolated/std_msgs/CMakeFiles/CMakeTmp/CMakeFiles 1
Building C object CMakeFiles/cmTryCompileExec3148251585.dir/CheckFunctionExists.c.o
/usr/bin/cc   -DCHECK_FUNCTION_EXISTS=pthread_create   -o CMakeFiles/cmTryCompileExec3148251585.dir/CheckFunctionExists.c.o   -c /usr/share/cmake-3.0/Modules/CheckFunctionExists.c
Linking C executable cmTryCompileExec3148251585
/usr/bin/cmake -E cmake_link_script CMakeFiles/cmTryCompileExec3148251585.dir/link.txt --verbose=1
/usr/bin/cc   -DCHECK_FUNCTION_EXISTS=pthread_create    CMakeFiles/cmTryCompileExec3148251585.dir/CheckFunctionExists.c.o  -o cmTryCompileExec3148251585 -rdynamic -lpthreads 
/usr/bin/ld: cannot find -lpthreads
collect2: error: ld returned 1 exit status
CMakeFiles/cmTryCompileExec3148251585.dir/build.make:88: recipe for target 'cmTryCompileExec3148251585' failed
make[1]: *** [cmTryCompileExec3148251585] Error 1
make[1]: Leaving directory '/home/odroid/ros_catkin_ws/build_isolated/std_msgs/CMakeFiles/CMakeTmp'
Makefile:118: recipe for target 'cmTryCompileExec3148251585/fast' failed
make: *** [cmTryCompileExec3148251585/fast] Error 2


