Determining if the pthread_create exist failed with the following output:
Change Dir: /home/odroid/ros_catkin_ws/build_isolated/rosserial_embeddedlinux/CMakeFiles/CMakeTmp

Run Build Command:"/usr/bin/make" "cmTryCompileExec435366516/fast"
/usr/bin/make -f CMakeFiles/cmTryCompileExec435366516.dir/build.make CMakeFiles/cmTryCompileExec435366516.dir/build
make[1]: Entering directory '/home/odroid/ros_catkin_ws/build_isolated/rosserial_embeddedlinux/CMakeFiles/CMakeTmp'
/usr/bin/cmake -E cmake_progress_report /home/odroid/ros_catkin_ws/build_isolated/rosserial_embeddedlinux/CMakeFiles/CMakeTmp/CMakeFiles 1
Building C object CMakeFiles/cmTryCompileExec435366516.dir/CheckSymbolExists.c.o
/usr/bin/cc    -o CMakeFiles/cmTryCompileExec435366516.dir/CheckSymbolExists.c.o   -c /home/odroid/ros_catkin_ws/build_isolated/rosserial_embeddedlinux/CMakeFiles/CMakeTmp/CheckSymbolExists.c
Linking C executable cmTryCompileExec435366516
/usr/bin/cmake -E cmake_link_script CMakeFiles/cmTryCompileExec435366516.dir/link.txt --verbose=1
/usr/bin/cc       CMakeFiles/cmTryCompileExec435366516.dir/CheckSymbolExists.c.o  -o cmTryCompileExec435366516 -rdynamic 
CMakeFiles/cmTryCompileExec435366516.dir/CheckSymbolExists.c.o: In function `main':
CheckSymbolExists.c:(.text+0xe): undefined reference to `pthread_create'
CheckSymbolExists.c:(.text+0x12): undefined reference to `pthread_create'
collect2: error: ld returned 1 exit status
CMakeFiles/cmTryCompileExec435366516.dir/build.make:88: recipe for target 'cmTryCompileExec435366516' failed
make[1]: *** [cmTryCompileExec435366516] Error 1
make[1]: Leaving directory '/home/odroid/ros_catkin_ws/build_isolated/rosserial_embeddedlinux/CMakeFiles/CMakeTmp'
Makefile:118: recipe for target 'cmTryCompileExec435366516/fast' failed
make: *** [cmTryCompileExec435366516/fast] Error 2

File /home/odroid/ros_catkin_ws/build_isolated/rosserial_embeddedlinux/CMakeFiles/CMakeTmp/CheckSymbolExists.c:
/* */
#include <pthread.h>

int main(int argc, char** argv)
{
  (void)argv;
#ifndef pthread_create
  return ((int*)(&pthread_create))[argc];
#else
  (void)argc;
  return 0;
#endif
}

Determining if the function pthread_create exists in the pthreads failed with the following output:
Change Dir: /home/odroid/ros_catkin_ws/build_isolated/rosserial_embeddedlinux/CMakeFiles/CMakeTmp

Run Build Command:"/usr/bin/make" "cmTryCompileExec87219398/fast"
/usr/bin/make -f CMakeFiles/cmTryCompileExec87219398.dir/build.make CMakeFiles/cmTryCompileExec87219398.dir/build
make[1]: Entering directory '/home/odroid/ros_catkin_ws/build_isolated/rosserial_embeddedlinux/CMakeFiles/CMakeTmp'
/usr/bin/cmake -E cmake_progress_report /home/odroid/ros_catkin_ws/build_isolated/rosserial_embeddedlinux/CMakeFiles/CMakeTmp/CMakeFiles 1
Building C object CMakeFiles/cmTryCompileExec87219398.dir/CheckFunctionExists.c.o
/usr/bin/cc   -DCHECK_FUNCTION_EXISTS=pthread_create   -o CMakeFiles/cmTryCompileExec87219398.dir/CheckFunctionExists.c.o   -c /usr/share/cmake-3.0/Modules/CheckFunctionExists.c
Linking C executable cmTryCompileExec87219398
/usr/bin/cmake -E cmake_link_script CMakeFiles/cmTryCompileExec87219398.dir/link.txt --verbose=1
/usr/bin/cc   -DCHECK_FUNCTION_EXISTS=pthread_create    CMakeFiles/cmTryCompileExec87219398.dir/CheckFunctionExists.c.o  -o cmTryCompileExec87219398 -rdynamic -lpthreads 
/usr/bin/ld: cannot find -lpthreads
collect2: error: ld returned 1 exit status
CMakeFiles/cmTryCompileExec87219398.dir/build.make:88: recipe for target 'cmTryCompileExec87219398' failed
make[1]: *** [cmTryCompileExec87219398] Error 1
make[1]: Leaving directory '/home/odroid/ros_catkin_ws/build_isolated/rosserial_embeddedlinux/CMakeFiles/CMakeTmp'
Makefile:118: recipe for target 'cmTryCompileExec87219398/fast' failed
make: *** [cmTryCompileExec87219398/fast] Error 2


