Determining if the pthread_create exist failed with the following output:
Change Dir: /home/odroid/ros_catkin_ws/build_isolated/rosmsg/CMakeFiles/CMakeTmp

Run Build Command:"/usr/bin/make" "cmTryCompileExec2098767606/fast"
/usr/bin/make -f CMakeFiles/cmTryCompileExec2098767606.dir/build.make CMakeFiles/cmTryCompileExec2098767606.dir/build
make[1]: Entering directory '/home/odroid/ros_catkin_ws/build_isolated/rosmsg/CMakeFiles/CMakeTmp'
/usr/bin/cmake -E cmake_progress_report /home/odroid/ros_catkin_ws/build_isolated/rosmsg/CMakeFiles/CMakeTmp/CMakeFiles 1
Building C object CMakeFiles/cmTryCompileExec2098767606.dir/CheckSymbolExists.c.o
/usr/bin/cc    -o CMakeFiles/cmTryCompileExec2098767606.dir/CheckSymbolExists.c.o   -c /home/odroid/ros_catkin_ws/build_isolated/rosmsg/CMakeFiles/CMakeTmp/CheckSymbolExists.c
Linking C executable cmTryCompileExec2098767606
/usr/bin/cmake -E cmake_link_script CMakeFiles/cmTryCompileExec2098767606.dir/link.txt --verbose=1
/usr/bin/cc       CMakeFiles/cmTryCompileExec2098767606.dir/CheckSymbolExists.c.o  -o cmTryCompileExec2098767606 -rdynamic 
CMakeFiles/cmTryCompileExec2098767606.dir/CheckSymbolExists.c.o: In function `main':
CheckSymbolExists.c:(.text+0xe): undefined reference to `pthread_create'
CheckSymbolExists.c:(.text+0x12): undefined reference to `pthread_create'
collect2: error: ld returned 1 exit status
CMakeFiles/cmTryCompileExec2098767606.dir/build.make:88: recipe for target 'cmTryCompileExec2098767606' failed
make[1]: *** [cmTryCompileExec2098767606] Error 1
make[1]: Leaving directory '/home/odroid/ros_catkin_ws/build_isolated/rosmsg/CMakeFiles/CMakeTmp'
Makefile:118: recipe for target 'cmTryCompileExec2098767606/fast' failed
make: *** [cmTryCompileExec2098767606/fast] Error 2

File /home/odroid/ros_catkin_ws/build_isolated/rosmsg/CMakeFiles/CMakeTmp/CheckSymbolExists.c:
/* */
#include <pthread.h>

int main(int argc, char** argv)
{
  (void)argv;
#ifndef pthread_create
  return ((int*)(&pthread_create))[argc];
#else
  (void)argc;
  return 0;
#endif
}

Determining if the function pthread_create exists in the pthreads failed with the following output:
Change Dir: /home/odroid/ros_catkin_ws/build_isolated/rosmsg/CMakeFiles/CMakeTmp

Run Build Command:"/usr/bin/make" "cmTryCompileExec2070558778/fast"
/usr/bin/make -f CMakeFiles/cmTryCompileExec2070558778.dir/build.make CMakeFiles/cmTryCompileExec2070558778.dir/build
make[1]: Entering directory '/home/odroid/ros_catkin_ws/build_isolated/rosmsg/CMakeFiles/CMakeTmp'
/usr/bin/cmake -E cmake_progress_report /home/odroid/ros_catkin_ws/build_isolated/rosmsg/CMakeFiles/CMakeTmp/CMakeFiles 1
Building C object CMakeFiles/cmTryCompileExec2070558778.dir/CheckFunctionExists.c.o
/usr/bin/cc   -DCHECK_FUNCTION_EXISTS=pthread_create   -o CMakeFiles/cmTryCompileExec2070558778.dir/CheckFunctionExists.c.o   -c /usr/share/cmake-3.0/Modules/CheckFunctionExists.c
Linking C executable cmTryCompileExec2070558778
/usr/bin/cmake -E cmake_link_script CMakeFiles/cmTryCompileExec2070558778.dir/link.txt --verbose=1
/usr/bin/cc   -DCHECK_FUNCTION_EXISTS=pthread_create    CMakeFiles/cmTryCompileExec2070558778.dir/CheckFunctionExists.c.o  -o cmTryCompileExec2070558778 -rdynamic -lpthreads 
/usr/bin/ld: cannot find -lpthreads
collect2: error: ld returned 1 exit status
CMakeFiles/cmTryCompileExec2070558778.dir/build.make:88: recipe for target 'cmTryCompileExec2070558778' failed
make[1]: *** [cmTryCompileExec2070558778] Error 1
make[1]: Leaving directory '/home/odroid/ros_catkin_ws/build_isolated/rosmsg/CMakeFiles/CMakeTmp'
Makefile:118: recipe for target 'cmTryCompileExec2070558778/fast' failed
make: *** [cmTryCompileExec2070558778/fast] Error 2


