Determining if the pthread_create exist failed with the following output:
Change Dir: /home/odroid/ros_catkin_ws/src/rosserial/rosserial_arduino/arduino-cmake/CMakeFiles/CMakeTmp

Run Build Command:"/usr/bin/make" "cmTryCompileExec3705159767/fast"
/usr/bin/make -f CMakeFiles/cmTryCompileExec3705159767.dir/build.make CMakeFiles/cmTryCompileExec3705159767.dir/build
make[1]: Entering directory '/home/odroid/ros_catkin_ws/src/rosserial/rosserial_arduino/arduino-cmake/CMakeFiles/CMakeTmp'
/usr/bin/cmake -E cmake_progress_report /home/odroid/ros_catkin_ws/src/rosserial/rosserial_arduino/arduino-cmake/CMakeFiles/CMakeTmp/CMakeFiles 1
Building C object CMakeFiles/cmTryCompileExec3705159767.dir/CheckSymbolExists.c.o
/usr/bin/cc    -o CMakeFiles/cmTryCompileExec3705159767.dir/CheckSymbolExists.c.o   -c /home/odroid/ros_catkin_ws/src/rosserial/rosserial_arduino/arduino-cmake/CMakeFiles/CMakeTmp/CheckSymbolExists.c
Linking C executable cmTryCompileExec3705159767
/usr/bin/cmake -E cmake_link_script CMakeFiles/cmTryCompileExec3705159767.dir/link.txt --verbose=1
/usr/bin/cc       CMakeFiles/cmTryCompileExec3705159767.dir/CheckSymbolExists.c.o  -o cmTryCompileExec3705159767 -rdynamic 
CMakeFiles/cmTryCompileExec3705159767.dir/CheckSymbolExists.c.o: In function `main':
CheckSymbolExists.c:(.text+0xe): undefined reference to `pthread_create'
CheckSymbolExists.c:(.text+0x12): undefined reference to `pthread_create'
collect2: error: ld returned 1 exit status
CMakeFiles/cmTryCompileExec3705159767.dir/build.make:88: recipe for target 'cmTryCompileExec3705159767' failed
make[1]: *** [cmTryCompileExec3705159767] Error 1
make[1]: Leaving directory '/home/odroid/ros_catkin_ws/src/rosserial/rosserial_arduino/arduino-cmake/CMakeFiles/CMakeTmp'
Makefile:118: recipe for target 'cmTryCompileExec3705159767/fast' failed
make: *** [cmTryCompileExec3705159767/fast] Error 2

File /home/odroid/ros_catkin_ws/src/rosserial/rosserial_arduino/arduino-cmake/CMakeFiles/CMakeTmp/CheckSymbolExists.c:
/* */
#include <pthread.h>

int main(int argc, char** argv)
{
  (void)argv;
#ifndef pthread_create
  return ((int*)(&pthread_create))[argc];
#else
  (void)argc;
  return 0;
#endif
}

Determining if the function pthread_create exists in the pthreads failed with the following output:
Change Dir: /home/odroid/ros_catkin_ws/src/rosserial/rosserial_arduino/arduino-cmake/CMakeFiles/CMakeTmp

Run Build Command:"/usr/bin/make" "cmTryCompileExec1464569457/fast"
/usr/bin/make -f CMakeFiles/cmTryCompileExec1464569457.dir/build.make CMakeFiles/cmTryCompileExec1464569457.dir/build
make[1]: Entering directory '/home/odroid/ros_catkin_ws/src/rosserial/rosserial_arduino/arduino-cmake/CMakeFiles/CMakeTmp'
/usr/bin/cmake -E cmake_progress_report /home/odroid/ros_catkin_ws/src/rosserial/rosserial_arduino/arduino-cmake/CMakeFiles/CMakeTmp/CMakeFiles 1
Building C object CMakeFiles/cmTryCompileExec1464569457.dir/CheckFunctionExists.c.o
/usr/bin/cc   -DCHECK_FUNCTION_EXISTS=pthread_create   -o CMakeFiles/cmTryCompileExec1464569457.dir/CheckFunctionExists.c.o   -c /usr/share/cmake-3.0/Modules/CheckFunctionExists.c
Linking C executable cmTryCompileExec1464569457
/usr/bin/cmake -E cmake_link_script CMakeFiles/cmTryCompileExec1464569457.dir/link.txt --verbose=1
/usr/bin/cc   -DCHECK_FUNCTION_EXISTS=pthread_create    CMakeFiles/cmTryCompileExec1464569457.dir/CheckFunctionExists.c.o  -o cmTryCompileExec1464569457 -rdynamic -lpthreads 
/usr/bin/ld: cannot find -lpthreads
collect2: error: ld returned 1 exit status
CMakeFiles/cmTryCompileExec1464569457.dir/build.make:88: recipe for target 'cmTryCompileExec1464569457' failed
make[1]: *** [cmTryCompileExec1464569457] Error 1
make[1]: Leaving directory '/home/odroid/ros_catkin_ws/src/rosserial/rosserial_arduino/arduino-cmake/CMakeFiles/CMakeTmp'
Makefile:118: recipe for target 'cmTryCompileExec1464569457/fast' failed
make: *** [cmTryCompileExec1464569457/fast] Error 2


