Determining if the pthread_create exist failed with the following output:
Change Dir: /home/odroid/ros_catkin_ws/build_isolated/catkin/CMakeFiles/CMakeTmp

Run Build Command:"/usr/bin/make" "cmTryCompileExec1265738057/fast"
/usr/bin/make -f CMakeFiles/cmTryCompileExec1265738057.dir/build.make CMakeFiles/cmTryCompileExec1265738057.dir/build
make[1]: Entering directory '/home/odroid/ros_catkin_ws/build_isolated/catkin/CMakeFiles/CMakeTmp'
/usr/bin/cmake -E cmake_progress_report /home/odroid/ros_catkin_ws/build_isolated/catkin/CMakeFiles/CMakeTmp/CMakeFiles 1
Building C object CMakeFiles/cmTryCompileExec1265738057.dir/CheckSymbolExists.c.o
/usr/bin/cc    -o CMakeFiles/cmTryCompileExec1265738057.dir/CheckSymbolExists.c.o   -c /home/odroid/ros_catkin_ws/build_isolated/catkin/CMakeFiles/CMakeTmp/CheckSymbolExists.c
Linking C executable cmTryCompileExec1265738057
/usr/bin/cmake -E cmake_link_script CMakeFiles/cmTryCompileExec1265738057.dir/link.txt --verbose=1
/usr/bin/cc       CMakeFiles/cmTryCompileExec1265738057.dir/CheckSymbolExists.c.o  -o cmTryCompileExec1265738057 -rdynamic 
CMakeFiles/cmTryCompileExec1265738057.dir/CheckSymbolExists.c.o: In function `main':
CheckSymbolExists.c:(.text+0xe): undefined reference to `pthread_create'
CheckSymbolExists.c:(.text+0x12): undefined reference to `pthread_create'
collect2: error: ld returned 1 exit status
CMakeFiles/cmTryCompileExec1265738057.dir/build.make:88: recipe for target 'cmTryCompileExec1265738057' failed
make[1]: *** [cmTryCompileExec1265738057] Error 1
make[1]: Leaving directory '/home/odroid/ros_catkin_ws/build_isolated/catkin/CMakeFiles/CMakeTmp'
Makefile:118: recipe for target 'cmTryCompileExec1265738057/fast' failed
make: *** [cmTryCompileExec1265738057/fast] Error 2

File /home/odroid/ros_catkin_ws/build_isolated/catkin/CMakeFiles/CMakeTmp/CheckSymbolExists.c:
/* */
#include <pthread.h>

int main(int argc, char** argv)
{
  (void)argv;
#ifndef pthread_create
  return ((int*)(&pthread_create))[argc];
#else
  (void)argc;
  return 0;
#endif
}

Determining if the function pthread_create exists in the pthreads failed with the following output:
Change Dir: /home/odroid/ros_catkin_ws/build_isolated/catkin/CMakeFiles/CMakeTmp

Run Build Command:"/usr/bin/make" "cmTryCompileExec581689840/fast"
/usr/bin/make -f CMakeFiles/cmTryCompileExec581689840.dir/build.make CMakeFiles/cmTryCompileExec581689840.dir/build
make[1]: Entering directory '/home/odroid/ros_catkin_ws/build_isolated/catkin/CMakeFiles/CMakeTmp'
/usr/bin/cmake -E cmake_progress_report /home/odroid/ros_catkin_ws/build_isolated/catkin/CMakeFiles/CMakeTmp/CMakeFiles 1
Building C object CMakeFiles/cmTryCompileExec581689840.dir/CheckFunctionExists.c.o
/usr/bin/cc   -DCHECK_FUNCTION_EXISTS=pthread_create   -o CMakeFiles/cmTryCompileExec581689840.dir/CheckFunctionExists.c.o   -c /usr/share/cmake-3.0/Modules/CheckFunctionExists.c
Linking C executable cmTryCompileExec581689840
/usr/bin/cmake -E cmake_link_script CMakeFiles/cmTryCompileExec581689840.dir/link.txt --verbose=1
/usr/bin/cc   -DCHECK_FUNCTION_EXISTS=pthread_create    CMakeFiles/cmTryCompileExec581689840.dir/CheckFunctionExists.c.o  -o cmTryCompileExec581689840 -rdynamic -lpthreads 
/usr/bin/ld: cannot find -lpthreads
collect2: error: ld returned 1 exit status
CMakeFiles/cmTryCompileExec581689840.dir/build.make:88: recipe for target 'cmTryCompileExec581689840' failed
make[1]: *** [cmTryCompileExec581689840] Error 1
make[1]: Leaving directory '/home/odroid/ros_catkin_ws/build_isolated/catkin/CMakeFiles/CMakeTmp'
Makefile:118: recipe for target 'cmTryCompileExec581689840/fast' failed
make: *** [cmTryCompileExec581689840/fast] Error 2


