Determining if the pthread_create exist failed with the following output:
Change Dir: /home/odroid/ros_catkin_ws/build_isolated/rosunit/CMakeFiles/CMakeTmp

Run Build Command:"/usr/bin/make" "cmTryCompileExec272407045/fast"
/usr/bin/make -f CMakeFiles/cmTryCompileExec272407045.dir/build.make CMakeFiles/cmTryCompileExec272407045.dir/build
make[1]: Entering directory '/home/odroid/ros_catkin_ws/build_isolated/rosunit/CMakeFiles/CMakeTmp'
/usr/bin/cmake -E cmake_progress_report /home/odroid/ros_catkin_ws/build_isolated/rosunit/CMakeFiles/CMakeTmp/CMakeFiles 1
Building C object CMakeFiles/cmTryCompileExec272407045.dir/CheckSymbolExists.c.o
/usr/bin/cc    -o CMakeFiles/cmTryCompileExec272407045.dir/CheckSymbolExists.c.o   -c /home/odroid/ros_catkin_ws/build_isolated/rosunit/CMakeFiles/CMakeTmp/CheckSymbolExists.c
Linking C executable cmTryCompileExec272407045
/usr/bin/cmake -E cmake_link_script CMakeFiles/cmTryCompileExec272407045.dir/link.txt --verbose=1
/usr/bin/cc       CMakeFiles/cmTryCompileExec272407045.dir/CheckSymbolExists.c.o  -o cmTryCompileExec272407045 -rdynamic 
CMakeFiles/cmTryCompileExec272407045.dir/CheckSymbolExists.c.o: In function `main':
CheckSymbolExists.c:(.text+0xe): undefined reference to `pthread_create'
CheckSymbolExists.c:(.text+0x12): undefined reference to `pthread_create'
collect2: error: ld returned 1 exit status
CMakeFiles/cmTryCompileExec272407045.dir/build.make:88: recipe for target 'cmTryCompileExec272407045' failed
make[1]: *** [cmTryCompileExec272407045] Error 1
make[1]: Leaving directory '/home/odroid/ros_catkin_ws/build_isolated/rosunit/CMakeFiles/CMakeTmp'
Makefile:118: recipe for target 'cmTryCompileExec272407045/fast' failed
make: *** [cmTryCompileExec272407045/fast] Error 2

File /home/odroid/ros_catkin_ws/build_isolated/rosunit/CMakeFiles/CMakeTmp/CheckSymbolExists.c:
/* */
#include <pthread.h>

int main(int argc, char** argv)
{
  (void)argv;
#ifndef pthread_create
  return ((int*)(&pthread_create))[argc];
#else
  (void)argc;
  return 0;
#endif
}

Determining if the function pthread_create exists in the pthreads failed with the following output:
Change Dir: /home/odroid/ros_catkin_ws/build_isolated/rosunit/CMakeFiles/CMakeTmp

Run Build Command:"/usr/bin/make" "cmTryCompileExec916477261/fast"
/usr/bin/make -f CMakeFiles/cmTryCompileExec916477261.dir/build.make CMakeFiles/cmTryCompileExec916477261.dir/build
make[1]: Entering directory '/home/odroid/ros_catkin_ws/build_isolated/rosunit/CMakeFiles/CMakeTmp'
/usr/bin/cmake -E cmake_progress_report /home/odroid/ros_catkin_ws/build_isolated/rosunit/CMakeFiles/CMakeTmp/CMakeFiles 1
Building C object CMakeFiles/cmTryCompileExec916477261.dir/CheckFunctionExists.c.o
/usr/bin/cc   -DCHECK_FUNCTION_EXISTS=pthread_create   -o CMakeFiles/cmTryCompileExec916477261.dir/CheckFunctionExists.c.o   -c /usr/share/cmake-3.0/Modules/CheckFunctionExists.c
Linking C executable cmTryCompileExec916477261
/usr/bin/cmake -E cmake_link_script CMakeFiles/cmTryCompileExec916477261.dir/link.txt --verbose=1
/usr/bin/cc   -DCHECK_FUNCTION_EXISTS=pthread_create    CMakeFiles/cmTryCompileExec916477261.dir/CheckFunctionExists.c.o  -o cmTryCompileExec916477261 -rdynamic -lpthreads 
/usr/bin/ld: cannot find -lpthreads
collect2: error: ld returned 1 exit status
CMakeFiles/cmTryCompileExec916477261.dir/build.make:88: recipe for target 'cmTryCompileExec916477261' failed
make[1]: *** [cmTryCompileExec916477261] Error 1
make[1]: Leaving directory '/home/odroid/ros_catkin_ws/build_isolated/rosunit/CMakeFiles/CMakeTmp'
Makefile:118: recipe for target 'cmTryCompileExec916477261/fast' failed
make: *** [cmTryCompileExec916477261/fast] Error 2


