Determining if the pthread_create exist failed with the following output:
Change Dir: /home/odroid/ros_catkin_ws/build_isolated/geneus/CMakeFiles/CMakeTmp

Run Build Command:"/usr/bin/make" "cmTryCompileExec255911123/fast"
/usr/bin/make -f CMakeFiles/cmTryCompileExec255911123.dir/build.make CMakeFiles/cmTryCompileExec255911123.dir/build
make[1]: Entering directory '/home/odroid/ros_catkin_ws/build_isolated/geneus/CMakeFiles/CMakeTmp'
/usr/bin/cmake -E cmake_progress_report /home/odroid/ros_catkin_ws/build_isolated/geneus/CMakeFiles/CMakeTmp/CMakeFiles 1
Building C object CMakeFiles/cmTryCompileExec255911123.dir/CheckSymbolExists.c.o
/usr/bin/cc    -o CMakeFiles/cmTryCompileExec255911123.dir/CheckSymbolExists.c.o   -c /home/odroid/ros_catkin_ws/build_isolated/geneus/CMakeFiles/CMakeTmp/CheckSymbolExists.c
Linking C executable cmTryCompileExec255911123
/usr/bin/cmake -E cmake_link_script CMakeFiles/cmTryCompileExec255911123.dir/link.txt --verbose=1
/usr/bin/cc       CMakeFiles/cmTryCompileExec255911123.dir/CheckSymbolExists.c.o  -o cmTryCompileExec255911123 -rdynamic 
CMakeFiles/cmTryCompileExec255911123.dir/CheckSymbolExists.c.o: In function `main':
CheckSymbolExists.c:(.text+0xe): undefined reference to `pthread_create'
CheckSymbolExists.c:(.text+0x12): undefined reference to `pthread_create'
collect2: error: ld returned 1 exit status
CMakeFiles/cmTryCompileExec255911123.dir/build.make:88: recipe for target 'cmTryCompileExec255911123' failed
make[1]: *** [cmTryCompileExec255911123] Error 1
make[1]: Leaving directory '/home/odroid/ros_catkin_ws/build_isolated/geneus/CMakeFiles/CMakeTmp'
Makefile:118: recipe for target 'cmTryCompileExec255911123/fast' failed
make: *** [cmTryCompileExec255911123/fast] Error 2

File /home/odroid/ros_catkin_ws/build_isolated/geneus/CMakeFiles/CMakeTmp/CheckSymbolExists.c:
/* */
#include <pthread.h>

int main(int argc, char** argv)
{
  (void)argv;
#ifndef pthread_create
  return ((int*)(&pthread_create))[argc];
#else
  (void)argc;
  return 0;
#endif
}

Determining if the function pthread_create exists in the pthreads failed with the following output:
Change Dir: /home/odroid/ros_catkin_ws/build_isolated/geneus/CMakeFiles/CMakeTmp

Run Build Command:"/usr/bin/make" "cmTryCompileExec491363763/fast"
/usr/bin/make -f CMakeFiles/cmTryCompileExec491363763.dir/build.make CMakeFiles/cmTryCompileExec491363763.dir/build
make[1]: Entering directory '/home/odroid/ros_catkin_ws/build_isolated/geneus/CMakeFiles/CMakeTmp'
/usr/bin/cmake -E cmake_progress_report /home/odroid/ros_catkin_ws/build_isolated/geneus/CMakeFiles/CMakeTmp/CMakeFiles 1
Building C object CMakeFiles/cmTryCompileExec491363763.dir/CheckFunctionExists.c.o
/usr/bin/cc   -DCHECK_FUNCTION_EXISTS=pthread_create   -o CMakeFiles/cmTryCompileExec491363763.dir/CheckFunctionExists.c.o   -c /usr/share/cmake-3.0/Modules/CheckFunctionExists.c
Linking C executable cmTryCompileExec491363763
/usr/bin/cmake -E cmake_link_script CMakeFiles/cmTryCompileExec491363763.dir/link.txt --verbose=1
/usr/bin/cc   -DCHECK_FUNCTION_EXISTS=pthread_create    CMakeFiles/cmTryCompileExec491363763.dir/CheckFunctionExists.c.o  -o cmTryCompileExec491363763 -rdynamic -lpthreads 
/usr/bin/ld: cannot find -lpthreads
collect2: error: ld returned 1 exit status
CMakeFiles/cmTryCompileExec491363763.dir/build.make:88: recipe for target 'cmTryCompileExec491363763' failed
make[1]: *** [cmTryCompileExec491363763] Error 1
make[1]: Leaving directory '/home/odroid/ros_catkin_ws/build_isolated/geneus/CMakeFiles/CMakeTmp'
Makefile:118: recipe for target 'cmTryCompileExec491363763/fast' failed
make: *** [cmTryCompileExec491363763/fast] Error 2


