Determining if the pthread_create exist failed with the following output:
Change Dir: /home/odroid/ros_catkin_ws/build_isolated/rosout/CMakeFiles/CMakeTmp

Run Build Command:"/usr/bin/make" "cmTryCompileExec1133375445/fast"
/usr/bin/make -f CMakeFiles/cmTryCompileExec1133375445.dir/build.make CMakeFiles/cmTryCompileExec1133375445.dir/build
make[1]: Entering directory '/home/odroid/ros_catkin_ws/build_isolated/rosout/CMakeFiles/CMakeTmp'
/usr/bin/cmake -E cmake_progress_report /home/odroid/ros_catkin_ws/build_isolated/rosout/CMakeFiles/CMakeTmp/CMakeFiles 1
Building C object CMakeFiles/cmTryCompileExec1133375445.dir/CheckSymbolExists.c.o
/usr/bin/cc    -o CMakeFiles/cmTryCompileExec1133375445.dir/CheckSymbolExists.c.o   -c /home/odroid/ros_catkin_ws/build_isolated/rosout/CMakeFiles/CMakeTmp/CheckSymbolExists.c
Linking C executable cmTryCompileExec1133375445
/usr/bin/cmake -E cmake_link_script CMakeFiles/cmTryCompileExec1133375445.dir/link.txt --verbose=1
/usr/bin/cc       CMakeFiles/cmTryCompileExec1133375445.dir/CheckSymbolExists.c.o  -o cmTryCompileExec1133375445 -rdynamic 
CMakeFiles/cmTryCompileExec1133375445.dir/CheckSymbolExists.c.o: In function `main':
CheckSymbolExists.c:(.text+0xe): undefined reference to `pthread_create'
CheckSymbolExists.c:(.text+0x12): undefined reference to `pthread_create'
collect2: error: ld returned 1 exit status
CMakeFiles/cmTryCompileExec1133375445.dir/build.make:88: recipe for target 'cmTryCompileExec1133375445' failed
make[1]: *** [cmTryCompileExec1133375445] Error 1
make[1]: Leaving directory '/home/odroid/ros_catkin_ws/build_isolated/rosout/CMakeFiles/CMakeTmp'
Makefile:118: recipe for target 'cmTryCompileExec1133375445/fast' failed
make: *** [cmTryCompileExec1133375445/fast] Error 2

File /home/odroid/ros_catkin_ws/build_isolated/rosout/CMakeFiles/CMakeTmp/CheckSymbolExists.c:
/* */
#include <pthread.h>

int main(int argc, char** argv)
{
  (void)argv;
#ifndef pthread_create
  return ((int*)(&pthread_create))[argc];
#else
  (void)argc;
  return 0;
#endif
}

Determining if the function pthread_create exists in the pthreads failed with the following output:
Change Dir: /home/odroid/ros_catkin_ws/build_isolated/rosout/CMakeFiles/CMakeTmp

Run Build Command:"/usr/bin/make" "cmTryCompileExec1446147582/fast"
/usr/bin/make -f CMakeFiles/cmTryCompileExec1446147582.dir/build.make CMakeFiles/cmTryCompileExec1446147582.dir/build
make[1]: Entering directory '/home/odroid/ros_catkin_ws/build_isolated/rosout/CMakeFiles/CMakeTmp'
/usr/bin/cmake -E cmake_progress_report /home/odroid/ros_catkin_ws/build_isolated/rosout/CMakeFiles/CMakeTmp/CMakeFiles 1
Building C object CMakeFiles/cmTryCompileExec1446147582.dir/CheckFunctionExists.c.o
/usr/bin/cc   -DCHECK_FUNCTION_EXISTS=pthread_create   -o CMakeFiles/cmTryCompileExec1446147582.dir/CheckFunctionExists.c.o   -c /usr/share/cmake-3.0/Modules/CheckFunctionExists.c
Linking C executable cmTryCompileExec1446147582
/usr/bin/cmake -E cmake_link_script CMakeFiles/cmTryCompileExec1446147582.dir/link.txt --verbose=1
/usr/bin/cc   -DCHECK_FUNCTION_EXISTS=pthread_create    CMakeFiles/cmTryCompileExec1446147582.dir/CheckFunctionExists.c.o  -o cmTryCompileExec1446147582 -rdynamic -lpthreads 
/usr/bin/ld: cannot find -lpthreads
collect2: error: ld returned 1 exit status
CMakeFiles/cmTryCompileExec1446147582.dir/build.make:88: recipe for target 'cmTryCompileExec1446147582' failed
make[1]: *** [cmTryCompileExec1446147582] Error 1
make[1]: Leaving directory '/home/odroid/ros_catkin_ws/build_isolated/rosout/CMakeFiles/CMakeTmp'
Makefile:118: recipe for target 'cmTryCompileExec1446147582/fast' failed
make: *** [cmTryCompileExec1446147582/fast] Error 2


