Determining if the pthread_create exist failed with the following output:
Change Dir: /home/odroid/ros_catkin_ws/build_isolated/rosbag_storage/CMakeFiles/CMakeTmp

Run Build Command:"/usr/bin/make" "cmTryCompileExec620432943/fast"
/usr/bin/make -f CMakeFiles/cmTryCompileExec620432943.dir/build.make CMakeFiles/cmTryCompileExec620432943.dir/build
make[1]: Entering directory '/home/odroid/ros_catkin_ws/build_isolated/rosbag_storage/CMakeFiles/CMakeTmp'
/usr/bin/cmake -E cmake_progress_report /home/odroid/ros_catkin_ws/build_isolated/rosbag_storage/CMakeFiles/CMakeTmp/CMakeFiles 1
Building C object CMakeFiles/cmTryCompileExec620432943.dir/CheckSymbolExists.c.o
/usr/bin/cc    -o CMakeFiles/cmTryCompileExec620432943.dir/CheckSymbolExists.c.o   -c /home/odroid/ros_catkin_ws/build_isolated/rosbag_storage/CMakeFiles/CMakeTmp/CheckSymbolExists.c
Linking C executable cmTryCompileExec620432943
/usr/bin/cmake -E cmake_link_script CMakeFiles/cmTryCompileExec620432943.dir/link.txt --verbose=1
/usr/bin/cc       CMakeFiles/cmTryCompileExec620432943.dir/CheckSymbolExists.c.o  -o cmTryCompileExec620432943 -rdynamic 
CMakeFiles/cmTryCompileExec620432943.dir/CheckSymbolExists.c.o: In function `main':
CheckSymbolExists.c:(.text+0xe): undefined reference to `pthread_create'
CheckSymbolExists.c:(.text+0x12): undefined reference to `pthread_create'
collect2: error: ld returned 1 exit status
CMakeFiles/cmTryCompileExec620432943.dir/build.make:88: recipe for target 'cmTryCompileExec620432943' failed
make[1]: *** [cmTryCompileExec620432943] Error 1
make[1]: Leaving directory '/home/odroid/ros_catkin_ws/build_isolated/rosbag_storage/CMakeFiles/CMakeTmp'
Makefile:118: recipe for target 'cmTryCompileExec620432943/fast' failed
make: *** [cmTryCompileExec620432943/fast] Error 2

File /home/odroid/ros_catkin_ws/build_isolated/rosbag_storage/CMakeFiles/CMakeTmp/CheckSymbolExists.c:
/* */
#include <pthread.h>

int main(int argc, char** argv)
{
  (void)argv;
#ifndef pthread_create
  return ((int*)(&pthread_create))[argc];
#else
  (void)argc;
  return 0;
#endif
}

Determining if the function pthread_create exists in the pthreads failed with the following output:
Change Dir: /home/odroid/ros_catkin_ws/build_isolated/rosbag_storage/CMakeFiles/CMakeTmp

Run Build Command:"/usr/bin/make" "cmTryCompileExec2962940962/fast"
/usr/bin/make -f CMakeFiles/cmTryCompileExec2962940962.dir/build.make CMakeFiles/cmTryCompileExec2962940962.dir/build
make[1]: Entering directory '/home/odroid/ros_catkin_ws/build_isolated/rosbag_storage/CMakeFiles/CMakeTmp'
/usr/bin/cmake -E cmake_progress_report /home/odroid/ros_catkin_ws/build_isolated/rosbag_storage/CMakeFiles/CMakeTmp/CMakeFiles 1
Building C object CMakeFiles/cmTryCompileExec2962940962.dir/CheckFunctionExists.c.o
/usr/bin/cc   -DCHECK_FUNCTION_EXISTS=pthread_create   -o CMakeFiles/cmTryCompileExec2962940962.dir/CheckFunctionExists.c.o   -c /usr/share/cmake-3.0/Modules/CheckFunctionExists.c
Linking C executable cmTryCompileExec2962940962
/usr/bin/cmake -E cmake_link_script CMakeFiles/cmTryCompileExec2962940962.dir/link.txt --verbose=1
/usr/bin/cc   -DCHECK_FUNCTION_EXISTS=pthread_create    CMakeFiles/cmTryCompileExec2962940962.dir/CheckFunctionExists.c.o  -o cmTryCompileExec2962940962 -rdynamic -lpthreads 
/usr/bin/ld: cannot find -lpthreads
collect2: error: ld returned 1 exit status
CMakeFiles/cmTryCompileExec2962940962.dir/build.make:88: recipe for target 'cmTryCompileExec2962940962' failed
make[1]: *** [cmTryCompileExec2962940962] Error 1
make[1]: Leaving directory '/home/odroid/ros_catkin_ws/build_isolated/rosbag_storage/CMakeFiles/CMakeTmp'
Makefile:118: recipe for target 'cmTryCompileExec2962940962/fast' failed
make: *** [cmTryCompileExec2962940962/fast] Error 2


