Determining if the pthread_create exist failed with the following output:
Change Dir: /home/odroid/ros_catkin_ws/build_isolated/rosservice/CMakeFiles/CMakeTmp

Run Build Command:"/usr/bin/make" "cmTryCompileExec4230407542/fast"
/usr/bin/make -f CMakeFiles/cmTryCompileExec4230407542.dir/build.make CMakeFiles/cmTryCompileExec4230407542.dir/build
make[1]: Entering directory '/home/odroid/ros_catkin_ws/build_isolated/rosservice/CMakeFiles/CMakeTmp'
/usr/bin/cmake -E cmake_progress_report /home/odroid/ros_catkin_ws/build_isolated/rosservice/CMakeFiles/CMakeTmp/CMakeFiles 1
Building C object CMakeFiles/cmTryCompileExec4230407542.dir/CheckSymbolExists.c.o
/usr/bin/cc    -o CMakeFiles/cmTryCompileExec4230407542.dir/CheckSymbolExists.c.o   -c /home/odroid/ros_catkin_ws/build_isolated/rosservice/CMakeFiles/CMakeTmp/CheckSymbolExists.c
Linking C executable cmTryCompileExec4230407542
/usr/bin/cmake -E cmake_link_script CMakeFiles/cmTryCompileExec4230407542.dir/link.txt --verbose=1
/usr/bin/cc       CMakeFiles/cmTryCompileExec4230407542.dir/CheckSymbolExists.c.o  -o cmTryCompileExec4230407542 -rdynamic 
CMakeFiles/cmTryCompileExec4230407542.dir/CheckSymbolExists.c.o: In function `main':
CheckSymbolExists.c:(.text+0xe): undefined reference to `pthread_create'
CheckSymbolExists.c:(.text+0x12): undefined reference to `pthread_create'
collect2: error: ld returned 1 exit status
CMakeFiles/cmTryCompileExec4230407542.dir/build.make:88: recipe for target 'cmTryCompileExec4230407542' failed
make[1]: *** [cmTryCompileExec4230407542] Error 1
make[1]: Leaving directory '/home/odroid/ros_catkin_ws/build_isolated/rosservice/CMakeFiles/CMakeTmp'
Makefile:118: recipe for target 'cmTryCompileExec4230407542/fast' failed
make: *** [cmTryCompileExec4230407542/fast] Error 2

File /home/odroid/ros_catkin_ws/build_isolated/rosservice/CMakeFiles/CMakeTmp/CheckSymbolExists.c:
/* */
#include <pthread.h>

int main(int argc, char** argv)
{
  (void)argv;
#ifndef pthread_create
  return ((int*)(&pthread_create))[argc];
#else
  (void)argc;
  return 0;
#endif
}

Determining if the function pthread_create exists in the pthreads failed with the following output:
Change Dir: /home/odroid/ros_catkin_ws/build_isolated/rosservice/CMakeFiles/CMakeTmp

Run Build Command:"/usr/bin/make" "cmTryCompileExec969903118/fast"
/usr/bin/make -f CMakeFiles/cmTryCompileExec969903118.dir/build.make CMakeFiles/cmTryCompileExec969903118.dir/build
make[1]: Entering directory '/home/odroid/ros_catkin_ws/build_isolated/rosservice/CMakeFiles/CMakeTmp'
/usr/bin/cmake -E cmake_progress_report /home/odroid/ros_catkin_ws/build_isolated/rosservice/CMakeFiles/CMakeTmp/CMakeFiles 1
Building C object CMakeFiles/cmTryCompileExec969903118.dir/CheckFunctionExists.c.o
/usr/bin/cc   -DCHECK_FUNCTION_EXISTS=pthread_create   -o CMakeFiles/cmTryCompileExec969903118.dir/CheckFunctionExists.c.o   -c /usr/share/cmake-3.0/Modules/CheckFunctionExists.c
Linking C executable cmTryCompileExec969903118
/usr/bin/cmake -E cmake_link_script CMakeFiles/cmTryCompileExec969903118.dir/link.txt --verbose=1
/usr/bin/cc   -DCHECK_FUNCTION_EXISTS=pthread_create    CMakeFiles/cmTryCompileExec969903118.dir/CheckFunctionExists.c.o  -o cmTryCompileExec969903118 -rdynamic -lpthreads 
/usr/bin/ld: cannot find -lpthreads
collect2: error: ld returned 1 exit status
CMakeFiles/cmTryCompileExec969903118.dir/build.make:88: recipe for target 'cmTryCompileExec969903118' failed
make[1]: *** [cmTryCompileExec969903118] Error 1
make[1]: Leaving directory '/home/odroid/ros_catkin_ws/build_isolated/rosservice/CMakeFiles/CMakeTmp'
Makefile:118: recipe for target 'cmTryCompileExec969903118/fast' failed
make: *** [cmTryCompileExec969903118/fast] Error 2


