Determining if the pthread_create exist failed with the following output:
Change Dir: /home/odroid/ros_catkin_ws/build_isolated/stereo_msgs/CMakeFiles/CMakeTmp

Run Build Command:"/usr/bin/make" "cmTryCompileExec4108130736/fast"
/usr/bin/make -f CMakeFiles/cmTryCompileExec4108130736.dir/build.make CMakeFiles/cmTryCompileExec4108130736.dir/build
make[1]: Entering directory '/home/odroid/ros_catkin_ws/build_isolated/stereo_msgs/CMakeFiles/CMakeTmp'
/usr/bin/cmake -E cmake_progress_report /home/odroid/ros_catkin_ws/build_isolated/stereo_msgs/CMakeFiles/CMakeTmp/CMakeFiles 1
Building C object CMakeFiles/cmTryCompileExec4108130736.dir/CheckSymbolExists.c.o
/usr/bin/cc    -o CMakeFiles/cmTryCompileExec4108130736.dir/CheckSymbolExists.c.o   -c /home/odroid/ros_catkin_ws/build_isolated/stereo_msgs/CMakeFiles/CMakeTmp/CheckSymbolExists.c
Linking C executable cmTryCompileExec4108130736
/usr/bin/cmake -E cmake_link_script CMakeFiles/cmTryCompileExec4108130736.dir/link.txt --verbose=1
/usr/bin/cc       CMakeFiles/cmTryCompileExec4108130736.dir/CheckSymbolExists.c.o  -o cmTryCompileExec4108130736 -rdynamic 
CMakeFiles/cmTryCompileExec4108130736.dir/CheckSymbolExists.c.o: In function `main':
CheckSymbolExists.c:(.text+0xe): undefined reference to `pthread_create'
CheckSymbolExists.c:(.text+0x12): undefined reference to `pthread_create'
collect2: error: ld returned 1 exit status
CMakeFiles/cmTryCompileExec4108130736.dir/build.make:88: recipe for target 'cmTryCompileExec4108130736' failed
make[1]: *** [cmTryCompileExec4108130736] Error 1
make[1]: Leaving directory '/home/odroid/ros_catkin_ws/build_isolated/stereo_msgs/CMakeFiles/CMakeTmp'
Makefile:118: recipe for target 'cmTryCompileExec4108130736/fast' failed
make: *** [cmTryCompileExec4108130736/fast] Error 2

File /home/odroid/ros_catkin_ws/build_isolated/stereo_msgs/CMakeFiles/CMakeTmp/CheckSymbolExists.c:
/* */
#include <pthread.h>

int main(int argc, char** argv)
{
  (void)argv;
#ifndef pthread_create
  return ((int*)(&pthread_create))[argc];
#else
  (void)argc;
  return 0;
#endif
}

Determining if the function pthread_create exists in the pthreads failed with the following output:
Change Dir: /home/odroid/ros_catkin_ws/build_isolated/stereo_msgs/CMakeFiles/CMakeTmp

Run Build Command:"/usr/bin/make" "cmTryCompileExec3412466748/fast"
/usr/bin/make -f CMakeFiles/cmTryCompileExec3412466748.dir/build.make CMakeFiles/cmTryCompileExec3412466748.dir/build
make[1]: Entering directory '/home/odroid/ros_catkin_ws/build_isolated/stereo_msgs/CMakeFiles/CMakeTmp'
/usr/bin/cmake -E cmake_progress_report /home/odroid/ros_catkin_ws/build_isolated/stereo_msgs/CMakeFiles/CMakeTmp/CMakeFiles 1
Building C object CMakeFiles/cmTryCompileExec3412466748.dir/CheckFunctionExists.c.o
/usr/bin/cc   -DCHECK_FUNCTION_EXISTS=pthread_create   -o CMakeFiles/cmTryCompileExec3412466748.dir/CheckFunctionExists.c.o   -c /usr/share/cmake-3.0/Modules/CheckFunctionExists.c
Linking C executable cmTryCompileExec3412466748
/usr/bin/cmake -E cmake_link_script CMakeFiles/cmTryCompileExec3412466748.dir/link.txt --verbose=1
/usr/bin/cc   -DCHECK_FUNCTION_EXISTS=pthread_create    CMakeFiles/cmTryCompileExec3412466748.dir/CheckFunctionExists.c.o  -o cmTryCompileExec3412466748 -rdynamic -lpthreads 
/usr/bin/ld: cannot find -lpthreads
collect2: error: ld returned 1 exit status
CMakeFiles/cmTryCompileExec3412466748.dir/build.make:88: recipe for target 'cmTryCompileExec3412466748' failed
make[1]: *** [cmTryCompileExec3412466748] Error 1
make[1]: Leaving directory '/home/odroid/ros_catkin_ws/build_isolated/stereo_msgs/CMakeFiles/CMakeTmp'
Makefile:118: recipe for target 'cmTryCompileExec3412466748/fast' failed
make: *** [cmTryCompileExec3412466748/fast] Error 2


