Determining if the pthread_create exist failed with the following output:
Change Dir: /home/odroid/ros_catkin_ws/build_isolated/roscreate/CMakeFiles/CMakeTmp

Run Build Command:"/usr/bin/make" "cmTryCompileExec1031700241/fast"
/usr/bin/make -f CMakeFiles/cmTryCompileExec1031700241.dir/build.make CMakeFiles/cmTryCompileExec1031700241.dir/build
make[1]: Entering directory '/home/odroid/ros_catkin_ws/build_isolated/roscreate/CMakeFiles/CMakeTmp'
/usr/bin/cmake -E cmake_progress_report /home/odroid/ros_catkin_ws/build_isolated/roscreate/CMakeFiles/CMakeTmp/CMakeFiles 1
Building C object CMakeFiles/cmTryCompileExec1031700241.dir/CheckSymbolExists.c.o
/usr/bin/cc    -o CMakeFiles/cmTryCompileExec1031700241.dir/CheckSymbolExists.c.o   -c /home/odroid/ros_catkin_ws/build_isolated/roscreate/CMakeFiles/CMakeTmp/CheckSymbolExists.c
Linking C executable cmTryCompileExec1031700241
/usr/bin/cmake -E cmake_link_script CMakeFiles/cmTryCompileExec1031700241.dir/link.txt --verbose=1
/usr/bin/cc       CMakeFiles/cmTryCompileExec1031700241.dir/CheckSymbolExists.c.o  -o cmTryCompileExec1031700241 -rdynamic 
CMakeFiles/cmTryCompileExec1031700241.dir/CheckSymbolExists.c.o: In function `main':
CheckSymbolExists.c:(.text+0xe): undefined reference to `pthread_create'
CheckSymbolExists.c:(.text+0x12): undefined reference to `pthread_create'
collect2: error: ld returned 1 exit status
CMakeFiles/cmTryCompileExec1031700241.dir/build.make:88: recipe for target 'cmTryCompileExec1031700241' failed
make[1]: *** [cmTryCompileExec1031700241] Error 1
make[1]: Leaving directory '/home/odroid/ros_catkin_ws/build_isolated/roscreate/CMakeFiles/CMakeTmp'
Makefile:118: recipe for target 'cmTryCompileExec1031700241/fast' failed
make: *** [cmTryCompileExec1031700241/fast] Error 2

File /home/odroid/ros_catkin_ws/build_isolated/roscreate/CMakeFiles/CMakeTmp/CheckSymbolExists.c:
/* */
#include <pthread.h>

int main(int argc, char** argv)
{
  (void)argv;
#ifndef pthread_create
  return ((int*)(&pthread_create))[argc];
#else
  (void)argc;
  return 0;
#endif
}

Determining if the function pthread_create exists in the pthreads failed with the following output:
Change Dir: /home/odroid/ros_catkin_ws/build_isolated/roscreate/CMakeFiles/CMakeTmp

Run Build Command:"/usr/bin/make" "cmTryCompileExec3388147421/fast"
/usr/bin/make -f CMakeFiles/cmTryCompileExec3388147421.dir/build.make CMakeFiles/cmTryCompileExec3388147421.dir/build
make[1]: Entering directory '/home/odroid/ros_catkin_ws/build_isolated/roscreate/CMakeFiles/CMakeTmp'
/usr/bin/cmake -E cmake_progress_report /home/odroid/ros_catkin_ws/build_isolated/roscreate/CMakeFiles/CMakeTmp/CMakeFiles 1
Building C object CMakeFiles/cmTryCompileExec3388147421.dir/CheckFunctionExists.c.o
/usr/bin/cc   -DCHECK_FUNCTION_EXISTS=pthread_create   -o CMakeFiles/cmTryCompileExec3388147421.dir/CheckFunctionExists.c.o   -c /usr/share/cmake-3.0/Modules/CheckFunctionExists.c
Linking C executable cmTryCompileExec3388147421
/usr/bin/cmake -E cmake_link_script CMakeFiles/cmTryCompileExec3388147421.dir/link.txt --verbose=1
/usr/bin/cc   -DCHECK_FUNCTION_EXISTS=pthread_create    CMakeFiles/cmTryCompileExec3388147421.dir/CheckFunctionExists.c.o  -o cmTryCompileExec3388147421 -rdynamic -lpthreads 
/usr/bin/ld: cannot find -lpthreads
collect2: error: ld returned 1 exit status
CMakeFiles/cmTryCompileExec3388147421.dir/build.make:88: recipe for target 'cmTryCompileExec3388147421' failed
make[1]: *** [cmTryCompileExec3388147421] Error 1
make[1]: Leaving directory '/home/odroid/ros_catkin_ws/build_isolated/roscreate/CMakeFiles/CMakeTmp'
Makefile:118: recipe for target 'cmTryCompileExec3388147421/fast' failed
make: *** [cmTryCompileExec3388147421/fast] Error 2


