Determining if the pthread_create exist failed with the following output:
Change Dir: /home/odroid/ros_catkin_ws/build_isolated/rosbash/CMakeFiles/CMakeTmp

Run Build Command:"/usr/bin/make" "cmTryCompileExec2535745827/fast"
/usr/bin/make -f CMakeFiles/cmTryCompileExec2535745827.dir/build.make CMakeFiles/cmTryCompileExec2535745827.dir/build
make[1]: Entering directory '/home/odroid/ros_catkin_ws/build_isolated/rosbash/CMakeFiles/CMakeTmp'
/usr/bin/cmake -E cmake_progress_report /home/odroid/ros_catkin_ws/build_isolated/rosbash/CMakeFiles/CMakeTmp/CMakeFiles 1
Building C object CMakeFiles/cmTryCompileExec2535745827.dir/CheckSymbolExists.c.o
/usr/bin/cc    -o CMakeFiles/cmTryCompileExec2535745827.dir/CheckSymbolExists.c.o   -c /home/odroid/ros_catkin_ws/build_isolated/rosbash/CMakeFiles/CMakeTmp/CheckSymbolExists.c
Linking C executable cmTryCompileExec2535745827
/usr/bin/cmake -E cmake_link_script CMakeFiles/cmTryCompileExec2535745827.dir/link.txt --verbose=1
/usr/bin/cc       CMakeFiles/cmTryCompileExec2535745827.dir/CheckSymbolExists.c.o  -o cmTryCompileExec2535745827 -rdynamic 
CMakeFiles/cmTryCompileExec2535745827.dir/CheckSymbolExists.c.o: In function `main':
CheckSymbolExists.c:(.text+0xe): undefined reference to `pthread_create'
CheckSymbolExists.c:(.text+0x12): undefined reference to `pthread_create'
collect2: error: ld returned 1 exit status
CMakeFiles/cmTryCompileExec2535745827.dir/build.make:88: recipe for target 'cmTryCompileExec2535745827' failed
make[1]: *** [cmTryCompileExec2535745827] Error 1
make[1]: Leaving directory '/home/odroid/ros_catkin_ws/build_isolated/rosbash/CMakeFiles/CMakeTmp'
Makefile:118: recipe for target 'cmTryCompileExec2535745827/fast' failed
make: *** [cmTryCompileExec2535745827/fast] Error 2

File /home/odroid/ros_catkin_ws/build_isolated/rosbash/CMakeFiles/CMakeTmp/CheckSymbolExists.c:
/* */
#include <pthread.h>

int main(int argc, char** argv)
{
  (void)argv;
#ifndef pthread_create
  return ((int*)(&pthread_create))[argc];
#else
  (void)argc;
  return 0;
#endif
}

Determining if the function pthread_create exists in the pthreads failed with the following output:
Change Dir: /home/odroid/ros_catkin_ws/build_isolated/rosbash/CMakeFiles/CMakeTmp

Run Build Command:"/usr/bin/make" "cmTryCompileExec3372230238/fast"
/usr/bin/make -f CMakeFiles/cmTryCompileExec3372230238.dir/build.make CMakeFiles/cmTryCompileExec3372230238.dir/build
make[1]: Entering directory '/home/odroid/ros_catkin_ws/build_isolated/rosbash/CMakeFiles/CMakeTmp'
/usr/bin/cmake -E cmake_progress_report /home/odroid/ros_catkin_ws/build_isolated/rosbash/CMakeFiles/CMakeTmp/CMakeFiles 1
Building C object CMakeFiles/cmTryCompileExec3372230238.dir/CheckFunctionExists.c.o
/usr/bin/cc   -DCHECK_FUNCTION_EXISTS=pthread_create   -o CMakeFiles/cmTryCompileExec3372230238.dir/CheckFunctionExists.c.o   -c /usr/share/cmake-3.0/Modules/CheckFunctionExists.c
Linking C executable cmTryCompileExec3372230238
/usr/bin/cmake -E cmake_link_script CMakeFiles/cmTryCompileExec3372230238.dir/link.txt --verbose=1
/usr/bin/cc   -DCHECK_FUNCTION_EXISTS=pthread_create    CMakeFiles/cmTryCompileExec3372230238.dir/CheckFunctionExists.c.o  -o cmTryCompileExec3372230238 -rdynamic -lpthreads 
/usr/bin/ld: cannot find -lpthreads
collect2: error: ld returned 1 exit status
CMakeFiles/cmTryCompileExec3372230238.dir/build.make:88: recipe for target 'cmTryCompileExec3372230238' failed
make[1]: *** [cmTryCompileExec3372230238] Error 1
make[1]: Leaving directory '/home/odroid/ros_catkin_ws/build_isolated/rosbash/CMakeFiles/CMakeTmp'
Makefile:118: recipe for target 'cmTryCompileExec3372230238/fast' failed
make: *** [cmTryCompileExec3372230238/fast] Error 2


