Determining if the pthread_create exist failed with the following output:
Change Dir: /home/odroid/ros_catkin_ws/build_isolated/roslint/CMakeFiles/CMakeTmp

Run Build Command:"/usr/bin/make" "cmTryCompileExec173863110/fast"
/usr/bin/make -f CMakeFiles/cmTryCompileExec173863110.dir/build.make CMakeFiles/cmTryCompileExec173863110.dir/build
make[1]: Entering directory '/home/odroid/ros_catkin_ws/build_isolated/roslint/CMakeFiles/CMakeTmp'
/usr/bin/cmake -E cmake_progress_report /home/odroid/ros_catkin_ws/build_isolated/roslint/CMakeFiles/CMakeTmp/CMakeFiles 1
Building C object CMakeFiles/cmTryCompileExec173863110.dir/CheckSymbolExists.c.o
/usr/bin/cc    -o CMakeFiles/cmTryCompileExec173863110.dir/CheckSymbolExists.c.o   -c /home/odroid/ros_catkin_ws/build_isolated/roslint/CMakeFiles/CMakeTmp/CheckSymbolExists.c
Linking C executable cmTryCompileExec173863110
/usr/bin/cmake -E cmake_link_script CMakeFiles/cmTryCompileExec173863110.dir/link.txt --verbose=1
/usr/bin/cc       CMakeFiles/cmTryCompileExec173863110.dir/CheckSymbolExists.c.o  -o cmTryCompileExec173863110 -rdynamic 
CMakeFiles/cmTryCompileExec173863110.dir/CheckSymbolExists.c.o: In function `main':
CheckSymbolExists.c:(.text+0xe): undefined reference to `pthread_create'
CheckSymbolExists.c:(.text+0x12): undefined reference to `pthread_create'
collect2: error: ld returned 1 exit status
CMakeFiles/cmTryCompileExec173863110.dir/build.make:88: recipe for target 'cmTryCompileExec173863110' failed
make[1]: *** [cmTryCompileExec173863110] Error 1
make[1]: Leaving directory '/home/odroid/ros_catkin_ws/build_isolated/roslint/CMakeFiles/CMakeTmp'
Makefile:118: recipe for target 'cmTryCompileExec173863110/fast' failed
make: *** [cmTryCompileExec173863110/fast] Error 2

File /home/odroid/ros_catkin_ws/build_isolated/roslint/CMakeFiles/CMakeTmp/CheckSymbolExists.c:
/* */
#include <pthread.h>

int main(int argc, char** argv)
{
  (void)argv;
#ifndef pthread_create
  return ((int*)(&pthread_create))[argc];
#else
  (void)argc;
  return 0;
#endif
}

Determining if the function pthread_create exists in the pthreads failed with the following output:
Change Dir: /home/odroid/ros_catkin_ws/build_isolated/roslint/CMakeFiles/CMakeTmp

Run Build Command:"/usr/bin/make" "cmTryCompileExec563546159/fast"
/usr/bin/make -f CMakeFiles/cmTryCompileExec563546159.dir/build.make CMakeFiles/cmTryCompileExec563546159.dir/build
make[1]: Entering directory '/home/odroid/ros_catkin_ws/build_isolated/roslint/CMakeFiles/CMakeTmp'
/usr/bin/cmake -E cmake_progress_report /home/odroid/ros_catkin_ws/build_isolated/roslint/CMakeFiles/CMakeTmp/CMakeFiles 1
Building C object CMakeFiles/cmTryCompileExec563546159.dir/CheckFunctionExists.c.o
/usr/bin/cc   -DCHECK_FUNCTION_EXISTS=pthread_create   -o CMakeFiles/cmTryCompileExec563546159.dir/CheckFunctionExists.c.o   -c /usr/share/cmake-3.0/Modules/CheckFunctionExists.c
Linking C executable cmTryCompileExec563546159
/usr/bin/cmake -E cmake_link_script CMakeFiles/cmTryCompileExec563546159.dir/link.txt --verbose=1
/usr/bin/cc   -DCHECK_FUNCTION_EXISTS=pthread_create    CMakeFiles/cmTryCompileExec563546159.dir/CheckFunctionExists.c.o  -o cmTryCompileExec563546159 -rdynamic -lpthreads 
/usr/bin/ld: cannot find -lpthreads
collect2: error: ld returned 1 exit status
CMakeFiles/cmTryCompileExec563546159.dir/build.make:88: recipe for target 'cmTryCompileExec563546159' failed
make[1]: *** [cmTryCompileExec563546159] Error 1
make[1]: Leaving directory '/home/odroid/ros_catkin_ws/build_isolated/roslint/CMakeFiles/CMakeTmp'
Makefile:118: recipe for target 'cmTryCompileExec563546159/fast' failed
make: *** [cmTryCompileExec563546159/fast] Error 2


